<?xml version="1.0" encoding="UTF-8"?>
<!-- Generated by org.testng.reporters.JUnitReportReporter -->
<testsuite hostname="Att-lp-699" failures="0" tests="2" name="com.noc.testcases.Loginpagetest" time="62.417" errors="0" timestamp="2020-09-01T15:48:03 IST" skipped="0">
  <testcase classname="com.noc.testcases.Loginpagetest" name="titletest" time="45.960"/>
  <testcase classname="com.noc.testcases.Loginpagetest" name="logintest" time="16.457"/>
</testsuite> <!-- com.noc.testcases.Loginpagetest -->
