<?xml version="1.0" encoding="UTF-8"?>
<!-- Generated by org.testng.reporters.JUnitReportReporter -->
<testsuite hostname="Att-lp-699" failures="0" tests="1" name="com.noc.testcases.Homepagetest" time="28.862" errors="0" timestamp="2020-09-01T15:48:03 IST" skipped="0">
  <testcase classname="com.noc.testcases.Homepagetest" name="verify_title" time="28.862"/>
</testsuite> <!-- com.noc.testcases.Homepagetest -->
