<?xml version="1.0" encoding="UTF-8"?>
<!-- Generated by org.testng.reporters.JUnitReportReporter -->
<testsuite hostname="Att-lp-699" failures="0" tests="1" name="com.noc.testcases.Homepagetest" time="19.649" errors="0" timestamp="2020-09-03T22:13:14 IST" skipped="0">
  <testcase classname="com.noc.testcases.Homepagetest" name="verify_title" time="19.649"/>
</testsuite> <!-- com.noc.testcases.Homepagetest -->
